2019-06-27 08:32:40,070 - werkzeug - INFO - /home/pyz/PycharmProjects/wiki/venv/lib/python3.7/site-packages/werkzeug/_internal.py _internal.py - _internal - _log -122 * Running on http://127.0.0.1:5000/ (Press CTRL+C to quit)
2019-06-27 08:35:50,564 - werkzeug - INFO - /home/pyz/PycharmProjects/wiki/venv/lib/python3.7/site-packages/werkzeug/_internal.py _internal.py - _internal - _log -122 * Running on http://0.0.0.0:8080/ (Press CTRL+C to quit)
2019-06-27 08:35:50,565 - werkzeug - INFO - /home/pyz/PycharmProjects/wiki/venv/lib/python3.7/site-packages/werkzeug/_internal.py _internal.py - _internal - _log -122 * Restarting with stat
2019-06-27 08:35:50,916 - werkzeug - WARNING - /home/pyz/PycharmProjects/wiki/venv/lib/python3.7/site-packages/werkzeug/_internal.py _internal.py - _internal - _log -122 * Debugger is active!
2019-06-27 08:35:50,917 - werkzeug - INFO - /home/pyz/PycharmProjects/wiki/venv/lib/python3.7/site-packages/werkzeug/_internal.py _internal.py - _internal - _log -122 * Debugger PIN: 393-033-449
2019-06-27 08:36:10,124 - werkzeug - INFO - /home/pyz/PycharmProjects/wiki/venv/lib/python3.7/site-packages/werkzeug/_internal.py _internal.py - _internal - _log -122 * Detected change in '/home/pyz/PycharmProjects/wiki/wiki.py', reloading
2019-06-27 08:36:10,179 - werkzeug - INFO - /home/pyz/PycharmProjects/wiki/venv/lib/python3.7/site-packages/werkzeug/_internal.py _internal.py - _internal - _log -122 * Restarting with stat
2019-06-27 08:36:10,531 - werkzeug - WARNING - /home/pyz/PycharmProjects/wiki/venv/lib/python3.7/site-packages/werkzeug/_internal.py _internal.py - _internal - _log -122 * Debugger is active!
2019-06-27 08:36:10,532 - werkzeug - INFO - /home/pyz/PycharmProjects/wiki/venv/lib/python3.7/site-packages/werkzeug/_internal.py _internal.py - _internal - _log -122 * Debugger PIN: 393-033-449
2019-06-27 08:36:16,254 - werkzeug - INFO - /home/pyz/PycharmProjects/wiki/venv/lib/python3.7/site-packages/werkzeug/_internal.py _internal.py - _internal - _log -122 * Running on http://0.0.0.0:8080/ (Press CTRL+C to quit)
2019-06-27 08:36:16,255 - werkzeug - INFO - /home/pyz/PycharmProjects/wiki/venv/lib/python3.7/site-packages/werkzeug/_internal.py _internal.py - _internal - _log -122 * Restarting with stat
2019-06-27 08:36:16,599 - werkzeug - WARNING - /home/pyz/PycharmProjects/wiki/venv/lib/python3.7/site-packages/werkzeug/_internal.py _internal.py - _internal - _log -122 * Debugger is active!
2019-06-27 08:36:16,600 - werkzeug - INFO - /home/pyz/PycharmProjects/wiki/venv/lib/python3.7/site-packages/werkzeug/_internal.py _internal.py - _internal - _log -122 * Debugger PIN: 393-033-449
2019-06-27 08:36:58,059 - werkzeug - INFO - /home/pyz/PycharmProjects/wiki/venv/lib/python3.7/site-packages/werkzeug/_internal.py _internal.py - _internal - _log -122127.0.0.1 - - [27/Jun/2019 08:36:58] "GET / HTTP/1.1" 404 -
2019-06-27 08:36:58,202 - werkzeug - INFO - /home/pyz/PycharmProjects/wiki/venv/lib/python3.7/site-packages/werkzeug/_internal.py _internal.py - _internal - _log -122127.0.0.1 - - [27/Jun/2019 08:36:58] "GET /favicon.ico HTTP/1.1" 404 -
2019-06-27 08:37:18,283 - werkzeug - INFO - /home/pyz/PycharmProjects/wiki/venv/lib/python3.7/site-packages/werkzeug/_internal.py _internal.py - _internal - _log -122 * Detected change in '/home/pyz/PycharmProjects/wiki/wiki.py', reloading
2019-06-27 08:37:18,355 - werkzeug - INFO - /home/pyz/PycharmProjects/wiki/venv/lib/python3.7/site-packages/werkzeug/_internal.py _internal.py - _internal - _log -122 * Restarting with stat
2019-06-27 08:37:18,829 - werkzeug - WARNING _internal.py - _internal - _log -122 * Debugger is active!
2019-06-27 08:37:18,830 - werkzeug - INFO _internal.py - _internal - _log -122 * Debugger PIN: 393-033-449
2019-06-27 08:37:19,516 - werkzeug - INFO _internal.py - _internal - _log -122127.0.0.1 - - [27/Jun/2019 08:37:19] "GET / HTTP/1.1" 404 -
2019-06-27 08:37:24,552 - werkzeug - INFO _internal.py - _internal - _log -122127.0.0.1 - - [27/Jun/2019 08:37:24] "GET /admin/register HTTP/1.1" 200 -
2019-06-27 08:37:42,779 - werkzeug - INFO _internal.py - _internal - _log -122 * Running on http://0.0.0.0:8080/ (Press CTRL+C to quit)
2019-06-27 08:37:42,780 - werkzeug - INFO _internal.py - _internal - _log -122 * Restarting with stat
2019-06-27 08:37:43,127 - werkzeug - WARNING _internal.py - _internal - _log -122 * Debugger is active!
2019-06-27 08:37:43,128 - werkzeug - INFO _internal.py - _internal - _log -122 * Debugger PIN: 393-033-449
2019-06-27 08:37:45,766 - werkzeug - INFO _internal.py - _internal - _log -122127.0.0.1 - - [27/Jun/2019 08:37:45] "GET /admin/register HTTP/1.1" 200 -
2019-06-27 08:38:25,522 - werkzeug - INFO _internal.py - _internal - _log -122127.0.0.1 - - [27/Jun/2019 08:38:25] "POST /admin/register HTTP/1.1" 500 -
2019-06-27 08:38:25,563 - werkzeug - INFO _internal.py - _internal - _log -122127.0.0.1 - - [27/Jun/2019 08:38:25] "GET /admin/register?__debugger__=yes&cmd=resource&f=style.css HTTP/1.1" 200 -
2019-06-27 08:38:25,564 - werkzeug - INFO _internal.py - _internal - _log -122127.0.0.1 - - [27/Jun/2019 08:38:25] "GET /admin/register?__debugger__=yes&cmd=resource&f=debugger.js HTTP/1.1" 200 -
2019-06-27 08:38:25,565 - werkzeug - INFO _internal.py - _internal - _log -122127.0.0.1 - - [27/Jun/2019 08:38:25] "GET /admin/register?__debugger__=yes&cmd=resource&f=jquery.js HTTP/1.1" 200 -
2019-06-27 08:38:25,928 - werkzeug - INFO _internal.py - _internal - _log -122127.0.0.1 - - [27/Jun/2019 08:38:25] "GET /admin/register?__debugger__=yes&cmd=resource&f=ubuntu.ttf HTTP/1.1" 200 -
2019-06-27 08:38:26,097 - werkzeug - INFO _internal.py - _internal - _log -122127.0.0.1 - - [27/Jun/2019 08:38:26] "GET /admin/register?__debugger__=yes&cmd=resource&f=console.png HTTP/1.1" 200 -
2019-06-27 08:38:26,232 - werkzeug - INFO _internal.py - _internal - _log -122127.0.0.1 - - [27/Jun/2019 08:38:26] "GET /admin/register?__debugger__=yes&cmd=resource&f=console.png HTTP/1.1" 200 -
2019-06-27 08:41:48,833 - werkzeug - INFO _internal.py - _internal - _log -122127.0.0.1 - - [27/Jun/2019 08:41:48] "GET /admin/register HTTP/1.1" 200 -
2019-06-27 08:42:05,097 - werkzeug - INFO _internal.py - _internal - _log -122 * Detected change in '/home/pyz/PycharmProjects/wiki/wiki.py', reloading
2019-06-27 08:42:05,174 - werkzeug - INFO _internal.py - _internal - _log -122 * Restarting with stat
2019-06-27 08:45:04,470 - werkzeug - INFO _internal.py - _internal - _log -122 * Restarting with stat
2019-06-27 08:46:05,595 - werkzeug - INFO _internal.py - _internal - _log -122 * Restarting with stat
